<?xml version="1.0" encoding="utf-8"?><testsuites name="pytest tests"><testsuite name="pytest" errors="0" failures="0" skipped="0" tests="14" time="5.699" timestamp="2026-09-11T14:35:38.295177+00:00" hostname="agent-env-d61b4d1e-23cb-436f-8176-24dc9c2e5bff"><testcase classname="tests.test_analytics_admin" name="test_admin_login_is_admin_true" time="0.540" /><testcase classname="tests.test_analytics_admin" name="test_non_admin_login_is_admin_false" time="0.487" /><testcase classname="tests.test_analytics_admin" name="test_me_reflects_is_admin" time="0.383" /><testcase classname="tests.test_analytics_admin" name="test_register_returns_is_admin_false_for_new_user" time="0.355" /><testcase classname="tests.test_analytics_admin" name="test_pageview_anonymous" time="0.183" /><testcase classname="tests.test_analytics_admin" name="test_pageview_authenticated" time="0.200" /><testcase classname="tests.test_analytics_admin" name="test_admin_endpoints_401_without_token" time="0.983" /><testcase classname="tests.test_analytics_admin" name="test_admin_endpoints_403_for_non_admin" time="0.998" /><testcase classname="tests.test_analytics_admin" name="test_admin_overview" time="0.247" /><testcase classname="tests.test_analytics_admin" name="test_admin_timeseries" time="0.185" /><testcase classname="tests.test_analytics_admin" name="test_admin_top_pages" time="0.140" /><testcase classname="tests.test_analytics_admin" name="test_admin_traffic_sources" time="0.286" /><testcase classname="tests.test_analytics_admin" name="test_admin_recent_activity" time="0.137" /><testcase classname="tests.test_analytics_admin" name="test_admin_users_no_password_hash" time="0.182" /></testsuite></testsuites>